[2020-06-29][14:31:27][ttf_rs][TRACE] Log started.
[2020-06-29][14:31:27][ttf_rs][DEBUG] Verbosity: 5
[2020-06-29][15:03:19][ttf_rs][TRACE] Log started.
[2020-06-29][15:03:19][ttf_rs][DEBUG] Verbosity: 5
[2020-06-29][16:29:02][ttf_rs][TRACE] Log started.
[2020-06-29][16:29:02][ttf_rs][DEBUG] Verbosity: 5
[2020-06-29][16:29:02][ttf_rs][DEBUG] Token { line_no: 0, char_no: 0, ttype: AMPERSAND, value: None }
[2020-06-30][14:08:00][ttf_rs][TRACE] Log started.
[2020-06-30][14:08:00][ttf_rs][DEBUG] Verbosity: 5
[2020-06-30][15:06:03][ttf_rs][TRACE] Log started.
[2020-06-30][15:06:03][ttf_rs][DEBUG] Verbosity: 5
[2020-06-30][15:06:03][ttf_rs][DEBUG] []
[2020-06-30][15:06:21][ttf_rs][TRACE] Log started.
[2020-06-30][15:06:21][ttf_rs][DEBUG] Verbosity: 5
[2020-06-30][15:06:21][musictools::tfmt::lexer][TRACE] Returning token: Ok(Some(Token { line_no: 1, char_no: 1, ttype: ID, value: Some("simple_input") }))
[2020-06-30][15:06:21][musictools::tfmt::lexer][TRACE] Returning token: Token { line_no: 1, char_no: 13, ttype: PARENTHESIS_LEFT, value: None }
[2020-06-30][15:06:21][musictools::tfmt::lexer][TRACE] Returning token: Token { line_no: 1, char_no: 14, ttype: PARENTHESIS_RIGHT, value: None }
[2020-06-30][15:06:21][musictools::tfmt::lexer][TRACE] Returning token: Token { line_no: 1, char_no: 16, ttype: CURLY_BRACE_LEFT, value: None }
[2020-06-30][15:06:21][musictools::tfmt::lexer][TRACE] Returning token: Token { line_no: 1, char_no: 18, ttype: ANGLE_BRACKET_LEFT, value: None }
[2020-06-30][15:06:21][musictools::tfmt::lexer][TRACE] Returning token: Ok(Some(Token { line_no: 1, char_no: 19, ttype: ID, value: Some("artist") }))
[2020-06-30][15:06:21][musictools::tfmt::lexer][TRACE] Returning token: Token { line_no: 1, char_no: 25, ttype: ANGLE_BRACKET_RIGHT, value: None }
[2020-06-30][15:06:21][ttf_rs][DEBUG] [Token { line_no: 1, char_no: 1, ttype: ID, value: Some("simple_input") }, Token { line_no: 1, char_no: 13, ttype: PARENTHESIS_LEFT, value: None }, Token { line_no: 1, char_no: 14, ttype: PARENTHESIS_RIGHT, value: None }, Token { line_no: 1, char_no: 16, ttype: CURLY_BRACE_LEFT, value: None }, Token { line_no: 1, char_no: 18, ttype: ANGLE_BRACKET_LEFT, value: None }, Token { line_no: 1, char_no: 19, ttype: ID, value: Some("artist") }, Token { line_no: 1, char_no: 25, ttype: ANGLE_BRACKET_RIGHT, value: None }]
[2020-06-30][15:06:33][ttf_rs][DEBUG] Log started.
[2020-06-30][15:06:33][ttf_rs][DEBUG] Verbosity: 4
[2020-06-30][15:06:33][ttf_rs][DEBUG] [
    Token {
        line_no: 1,
        char_no: 1,
        ttype: ID,
        value: Some(
            "simple_input",
        ),
    },
    Token {
        line_no: 1,
        char_no: 13,
        ttype: PARENTHESIS_LEFT,
        value: None,
    },
    Token {
        line_no: 1,
        char_no: 14,
        ttype: PARENTHESIS_RIGHT,
        value: None,
    },
    Token {
        line_no: 1,
        char_no: 16,
        ttype: CURLY_BRACE_LEFT,
        value: None,
    },
    Token {
        line_no: 1,
        char_no: 18,
        ttype: ANGLE_BRACKET_LEFT,
        value: None,
    },
    Token {
        line_no: 1,
        char_no: 19,
        ttype: ID,
        value: Some(
            "artist",
        ),
    },
    Token {
        line_no: 1,
        char_no: 25,
        ttype: ANGLE_BRACKET_RIGHT,
        value: None,
    },
]
[2020-06-30][15:08:39][ttf_rs][DEBUG] Log started.
[2020-06-30][15:08:39][ttf_rs][DEBUG] Verbosity: 4
[2020-06-30][15:09:32][ttf_rs][DEBUG] Log started.
[2020-06-30][15:09:32][ttf_rs][DEBUG] Verbosity: 4
[2020-06-30][15:09:32][ttf_rs][DEBUG] [
    Token {
        line_no: 1,
        char_no: 1,
        ttype: ID,
        value: Some(
            "simple_input",
        ),
    },
    Token {
        line_no: 1,
        char_no: 13,
        ttype: PARENTHESIS_LEFT,
        value: None,
    },
    Token {
        line_no: 1,
        char_no: 14,
        ttype: PARENTHESIS_RIGHT,
        value: None,
    },
    Token {
        line_no: 1,
        char_no: 16,
        ttype: CURLY_BRACE_LEFT,
        value: None,
    },
    Token {
        line_no: 1,
        char_no: 18,
        ttype: ANGLE_BRACKET_LEFT,
        value: None,
    },
    Token {
        line_no: 1,
        char_no: 19,
        ttype: ID,
        value: Some(
            "artist",
        ),
    },
    Token {
        line_no: 1,
        char_no: 25,
        ttype: ANGLE_BRACKET_RIGHT,
        value: None,
    },
    Token {
        line_no: 1,
        char_no: 27,
        ttype: STRING,
        value: Some(
            "/",
        ),
    },
    Token {
        line_no: 1,
        char_no: 31,
        ttype: ANGLE_BRACKET_LEFT,
        value: None,
    },
    Token {
        line_no: 1,
        char_no: 32,
        ttype: ID,
        value: Some(
            "title",
        ),
    },
    Token {
        line_no: 1,
        char_no: 37,
        ttype: ANGLE_BRACKET_RIGHT,
        value: None,
    },
    Token {
        line_no: 1,
        char_no: 39,
        ttype: CURLY_BRACE_RIGHT,
        value: None,
    },
    Token {
        line_no: 1,
        char_no: 40,
        ttype: EOF,
        value: None,
    },
]
[2020-06-30][15:12:07][ttf_rs][DEBUG] Log started.
[2020-06-30][15:12:07][ttf_rs][DEBUG] Verbosity: 4
[2020-06-30][15:12:07][ttf_rs][DEBUG] [
    Token {
        line_no: 1,
        char_no: 1,
        ttype: ID,
        value: Some(
            "simple_input",
        ),
    },
    Token {
        line_no: 1,
        char_no: 13,
        ttype: PARENTHESIS_LEFT,
        value: None,
    },
    Token {
        line_no: 1,
        char_no: 14,
        ttype: PARENTHESIS_RIGHT,
        value: None,
    },
    Token {
        line_no: 1,
        char_no: 16,
        ttype: CURLY_BRACE_LEFT,
        value: None,
    },
    Token {
        line_no: 1,
        char_no: 18,
        ttype: ANGLE_BRACKET_LEFT,
        value: None,
    },
    Token {
        line_no: 1,
        char_no: 19,
        ttype: ID,
        value: Some(
            "artist",
        ),
    },
    Token {
        line_no: 1,
        char_no: 25,
        ttype: ANGLE_BRACKET_RIGHT,
        value: None,
    },
    Token {
        line_no: 1,
        char_no: 27,
        ttype: STRING,
        value: Some(
            "/",
        ),
    },
    Token {
        line_no: 1,
        char_no: 31,
        ttype: ANGLE_BRACKET_LEFT,
        value: None,
    },
    Token {
        line_no: 1,
        char_no: 32,
        ttype: ID,
        value: Some(
            "title",
        ),
    },
    Token {
        line_no: 1,
        char_no: 37,
        ttype: ANGLE_BRACKET_RIGHT,
        value: None,
    },
    Token {
        line_no: 1,
        char_no: 39,
        ttype: CURLY_BRACE_RIGHT,
        value: None,
    },
    Token {
        line_no: 1,
        char_no: 40,
        ttype: EOF,
        value: None,
    },
]
[2020-06-30][15:12:22][ttf_rs][DEBUG] Log started.
[2020-06-30][15:12:22][ttf_rs][DEBUG] Verbosity: 4
[2020-06-30][15:12:46][ttf_rs][DEBUG] Log started.
[2020-06-30][15:12:46][ttf_rs][DEBUG] Verbosity: 4
[2020-06-30][15:13:00][ttf_rs][DEBUG] Log started.
[2020-06-30][15:13:00][ttf_rs][DEBUG] Verbosity: 4
[2020-06-30][15:13:33][ttf_rs][DEBUG] Log started.
[2020-06-30][15:13:33][ttf_rs][DEBUG] Verbosity: 4
[2020-06-30][15:14:10][ttf_rs][DEBUG] Log started.
[2020-06-30][15:14:10][ttf_rs][DEBUG] Verbosity: 4
[2020-06-30][15:14:10][ttf_rs][DEBUG] [
    Token {
        line_no: 1,
        char_no: 1,
        ttype: ID,
        value: Some(
            "simple_input",
        ),
    },
    Token {
        line_no: 1,
        char_no: 13,
        ttype: PARENTHESIS_LEFT,
        value: None,
    },
    Token {
        line_no: 1,
        char_no: 14,
        ttype: PARENTHESIS_RIGHT,
        value: None,
    },
    Token {
        line_no: 1,
        char_no: 16,
        ttype: CURLY_BRACE_LEFT,
        value: None,
    },
    Token {
        line_no: 1,
        char_no: 18,
        ttype: ANGLE_BRACKET_LEFT,
        value: None,
    },
    Token {
        line_no: 1,
        char_no: 19,
        ttype: ID,
        value: Some(
            "artist",
        ),
    },
    Token {
        line_no: 1,
        char_no: 25,
        ttype: ANGLE_BRACKET_RIGHT,
        value: None,
    },
    Token {
        line_no: 1,
        char_no: 31,
        ttype: ANGLE_BRACKET_LEFT,
        value: None,
    },
    Token {
        line_no: 1,
        char_no: 32,
        ttype: ID,
        value: Some(
            "title",
        ),
    },
    Token {
        line_no: 1,
        char_no: 37,
        ttype: ANGLE_BRACKET_RIGHT,
        value: None,
    },
    Token {
        line_no: 1,
        char_no: 39,
        ttype: CURLY_BRACE_RIGHT,
        value: None,
    },
    Token {
        line_no: 1,
        char_no: 40,
        ttype: EOF,
        value: None,
    },
]
[2020-06-30][15:14:28][ttf_rs][DEBUG] Log started.
[2020-06-30][15:14:28][ttf_rs][DEBUG] Verbosity: 4
[2020-06-30][15:14:28][ttf_rs][DEBUG] [
    Token {
        line_no: 1,
        char_no: 1,
        ttype: ID,
        value: Some(
            "simple_input",
        ),
    },
    Token {
        line_no: 1,
        char_no: 13,
        ttype: PARENTHESIS_LEFT,
        value: None,
    },
    Token {
        line_no: 1,
        char_no: 14,
        ttype: PARENTHESIS_RIGHT,
        value: None,
    },
    Token {
        line_no: 1,
        char_no: 16,
        ttype: CURLY_BRACE_LEFT,
        value: None,
    },
    Token {
        line_no: 1,
        char_no: 18,
        ttype: ANGLE_BRACKET_LEFT,
        value: None,
    },
    Token {
        line_no: 1,
        char_no: 19,
        ttype: ID,
        value: Some(
            "artist",
        ),
    },
    Token {
        line_no: 1,
        char_no: 25,
        ttype: ANGLE_BRACKET_RIGHT,
        value: None,
    },
    Token {
        line_no: 1,
        char_no: 31,
        ttype: ANGLE_BRACKET_LEFT,
        value: None,
    },
    Token {
        line_no: 1,
        char_no: 32,
        ttype: ID,
        value: Some(
            "title",
        ),
    },
    Token {
        line_no: 1,
        char_no: 37,
        ttype: ANGLE_BRACKET_RIGHT,
        value: None,
    },
    Token {
        line_no: 1,
        char_no: 39,
        ttype: CURLY_BRACE_RIGHT,
        value: None,
    },
    Token {
        line_no: 1,
        char_no: 40,
        ttype: EOF,
        value: None,
    },
]
[2020-06-30][15:15:10][ttf_rs][DEBUG] Log started.
[2020-06-30][15:15:10][ttf_rs][DEBUG] Verbosity: 4
[2020-06-30][15:15:10][ttf_rs][DEBUG] [
    Token {
        line_no: 1,
        char_no: 1,
        ttype: ID,
        value: Some(
            "simple_input",
        ),
    },
    Token {
        line_no: 1,
        char_no: 13,
        ttype: PARENTHESIS_LEFT,
        value: None,
    },
    Token {
        line_no: 1,
        char_no: 14,
        ttype: PARENTHESIS_RIGHT,
        value: None,
    },
    Token {
        line_no: 1,
        char_no: 16,
        ttype: CURLY_BRACE_LEFT,
        value: None,
    },
    Token {
        line_no: 1,
        char_no: 18,
        ttype: ANGLE_BRACKET_LEFT,
        value: None,
    },
    Token {
        line_no: 1,
        char_no: 19,
        ttype: ID,
        value: Some(
            "artist",
        ),
    },
    Token {
        line_no: 1,
        char_no: 25,
        ttype: ANGLE_BRACKET_RIGHT,
        value: None,
    },
    Token {
        line_no: 1,
        char_no: 31,
        ttype: ANGLE_BRACKET_LEFT,
        value: None,
    },
    Token {
        line_no: 1,
        char_no: 32,
        ttype: ID,
        value: Some(
            "title",
        ),
    },
    Token {
        line_no: 1,
        char_no: 37,
        ttype: ANGLE_BRACKET_RIGHT,
        value: None,
    },
    Token {
        line_no: 1,
        char_no: 39,
        ttype: CURLY_BRACE_RIGHT,
        value: None,
    },
    Token {
        line_no: 1,
        char_no: 40,
        ttype: EOF,
        value: None,
    },
]
[2020-06-30][15:15:44][ttf_rs][DEBUG] Log started.
[2020-06-30][15:15:44][ttf_rs][DEBUG] Verbosity: 4
[2020-06-30][15:16:08][ttf_rs][DEBUG] Log started.
[2020-06-30][15:16:08][ttf_rs][DEBUG] Verbosity: 4
[2020-06-30][15:16:08][ttf_rs][DEBUG] [
    Token {
        line_no: 1,
        char_no: 1,
        ttype: ID,
        value: Some(
            "simple_input",
        ),
    },
    Token {
        line_no: 1,
        char_no: 13,
        ttype: PARENTHESIS_LEFT,
        value: None,
    },
    Token {
        line_no: 1,
        char_no: 14,
        ttype: PARENTHESIS_RIGHT,
        value: None,
    },
    Token {
        line_no: 1,
        char_no: 16,
        ttype: CURLY_BRACE_LEFT,
        value: None,
    },
    Token {
        line_no: 1,
        char_no: 18,
        ttype: ANGLE_BRACKET_LEFT,
        value: None,
    },
    Token {
        line_no: 1,
        char_no: 19,
        ttype: ID,
        value: Some(
            "artist",
        ),
    },
    Token {
        line_no: 1,
        char_no: 25,
        ttype: ANGLE_BRACKET_RIGHT,
        value: None,
    },
    Token {
        line_no: 1,
        char_no: 27,
        ttype: STRING,
        value: Some(
            "/",
        ),
    },
    Token {
        line_no: 1,
        char_no: 31,
        ttype: ANGLE_BRACKET_LEFT,
        value: None,
    },
    Token {
        line_no: 1,
        char_no: 32,
        ttype: ID,
        value: Some(
            "title",
        ),
    },
    Token {
        line_no: 1,
        char_no: 37,
        ttype: ANGLE_BRACKET_RIGHT,
        value: None,
    },
    Token {
        line_no: 1,
        char_no: 39,
        ttype: CURLY_BRACE_RIGHT,
        value: None,
    },
    Token {
        line_no: 1,
        char_no: 40,
        ttype: EOF,
        value: None,
    },
]
